#
# There is insufficient memory for the Java Runtime Environment to continue.
# Native memory allocation (malloc) failed to allocate 87376 bytes for Chunk::new
# Possible reasons:
#   The system is out of physical RAM or swap space
#   The process is running with CompressedOops enabled, and the Java Heap may be blocking the growth of the native heap
# Possible solutions:
#   Reduce memory load on the system
#   Increase physical memory or swap space
#   Check if swap backing store is full
#   Decrease Java heap size (-Xmx/-Xms)
#   Decrease number of Java threads
#   Decrease Java thread stack sizes (-Xss)
#   Set larger code cache with -XX:ReservedCodeCacheSize=
#   JVM is running with Unscaled Compressed Oops mode in which the Java heap is
#     placed in the first 4GB address space. The Java Heap base address is the
#     maximum limit for the native heap growth. Please use -XX:HeapBaseMinAddress
#     to set the Java Heap base and to place the Java Heap above 4GB virtual address.
# This output file may be truncated or incomplete.
#
#  Out of Memory Error (./open/src/hotspot/share/memory/arena.cpp:195), pid=10832, tid=1816
#
# JRE version: Java(TM) SE Runtime Environment (15.0.1+9) (build 15.0.1+9-18)
# Java VM: Java HotSpot(TM) 64-Bit Server VM (15.0.1+9-18, mixed mode, sharing, tiered, compressed oops, g1 gc, windows-amd64)
# No core dump will be written. Minidumps are not enabled by default on client versions of Windows
#

---------------  S U M M A R Y ------------

Command Line: -javaagent:C:\Program Files\JetBrains\IntelliJ IDEA 2021.1.1\lib\idea_rt.jar=3408:C:\Program Files\JetBrains\IntelliJ IDEA 2021.1.1\bin -Dfile.encoding=UTF-8 com.company.TestDb

Host: Intel(R) Core(TM) i5-4310U CPU @ 2.00GHz, 4 cores, 3G,  Windows 10 , 64 bit Build 18362 (10.0.18362.329)
Time: Sun Jun 20 17:21:39 2021 E. Africa Standard Time elapsed time: 3.657495 seconds (0d 0h 0m 3s)

---------------  T H R E A D  ---------------

Current thread (0x0000024d4c5f8730):  JavaThread "C2 CompilerThread0" daemon [_thread_in_native, id=1816, stack(0x000000923ca00000,0x000000923cb00000)]


Current CompileTask:
C2:   3717  639       4       java.lang.StringBuilder::append (8 bytes)

Stack: [0x000000923ca00000,0x000000923cb00000]
Native frames: (J=compiled Java code, j=interpreted, Vv=VM code, C=native code)
V  [jvm.dll+0x62ae9a]
V  [jvm.dll+0x781389]
V  [jvm.dll+0x782ae3]
V  [jvm.dll+0x783143]
V  [jvm.dll+0x216265]
V  [jvm.dll+0x97efa]
V  [jvm.dll+0x985dc]
V  [jvm.dll+0x32e525]
V  [jvm.dll+0x2f78aa]
V  [jvm.dll+0x2f6c6a]
V  [jvm.dll+0x1ea645]
V  [jvm.dll+0x1e98ae]
V  [jvm.dll+0x1784c7]
V  [jvm.dll+0x1f9165]
V  [jvm.dll+0x1f720c]
V  [jvm.dll+0x74485d]
V  [jvm.dll+0x73d65a]
V  [jvm.dll+0x629c56]
C  [ucrtbase.dll+0x20e72]
C  [KERNEL32.DLL+0x17bd4]
C  [ntdll.dll+0x6ced1]


---------------  P R O C E S S  ---------------

Threads class SMR info:
_java_thread_list=0x0000024d4d14b190, length=13, elements={
0x0000024d30a19090, 0x0000024d4c5dd580, 0x0000024d4c5de220, 0x0000024d4c5f25a0,
0x0000024d4c5f4f70, 0x0000024d4c5f5a20, 0x0000024d4c5f8730, 0x0000024d4c5ff0e0,
0x0000024d4c6778c0, 0x0000024d4c5cdcd0, 0x0000024d4d07cda0, 0x0000024d4d0ac680,
0x0000024d4d1647c0
}

Java Threads: ( => current thread )
  0x0000024d30a19090 JavaThread "main" [_thread_in_vm, id=3616, stack(0x000000923be00000,0x000000923bf00000)]
  0x0000024d4c5dd580 JavaThread "Reference Handler" daemon [_thread_blocked, id=2992, stack(0x000000923c500000,0x000000923c600000)]
  0x0000024d4c5de220 JavaThread "Finalizer" daemon [_thread_blocked, id=13368, stack(0x000000923c600000,0x000000923c700000)]
  0x0000024d4c5f25a0 JavaThread "Signal Dispatcher" daemon [_thread_blocked, id=14824, stack(0x000000923c700000,0x000000923c800000)]
  0x0000024d4c5f4f70 JavaThread "Attach Listener" daemon [_thread_blocked, id=5492, stack(0x000000923c800000,0x000000923c900000)]
  0x0000024d4c5f5a20 JavaThread "Service Thread" daemon [_thread_blocked, id=7768, stack(0x000000923c900000,0x000000923ca00000)]
=>0x0000024d4c5f8730 JavaThread "C2 CompilerThread0" daemon [_thread_in_native, id=1816, stack(0x000000923ca00000,0x000000923cb00000)]
  0x0000024d4c5ff0e0 JavaThread "C1 CompilerThread0" daemon [_thread_blocked, id=10428, stack(0x000000923cb00000,0x000000923cc00000)]
  0x0000024d4c6778c0 JavaThread "Sweeper thread" daemon [_thread_blocked, id=14996, stack(0x000000923cc00000,0x000000923cd00000)]
  0x0000024d4c5cdcd0 JavaThread "Common-Cleaner" daemon [_thread_blocked, id=10500, stack(0x000000923cd00000,0x000000923ce00000)]
  0x0000024d4d07cda0 JavaThread "Monitor Ctrl-Break" daemon [_thread_in_native, id=13012, stack(0x000000923ce00000,0x000000923cf00000)]
  0x0000024d4d0ac680 JavaThread "Notification Thread" daemon [_thread_blocked, id=13904, stack(0x000000923cf00000,0x000000923d000000)]
  0x0000024d4d1647c0 JavaThread "mysql-cj-abandoned-connection-cleanup" daemon [_thread_blocked, id=14628, stack(0x000000923d100000,0x000000923d200000)]

Other Threads:
  0x0000024d4c5d7560 VMThread "VM Thread" [stack: 0x000000923c400000,0x000000923c500000] [id=13748]
  0x0000024d4d0b4b70 WatcherThread [stack: 0x000000923d000000,0x000000923d100000] [id=11764]
  0x0000024d30a49a60 GCTaskThread "GC Thread#0" [stack: 0x000000923bf00000,0x000000923c000000] [id=12048]
  0x0000024d30a529b0 ConcurrentGCThread "G1 Main Marker" [stack: 0x000000923c000000,0x000000923c100000] [id=10900]
  0x0000024d30a53620 ConcurrentGCThread "G1 Conc#0" [stack: 0x000000923c100000,0x000000923c200000] [id=8664]
  0x0000024d30a9f980 ConcurrentGCThread "G1 Refine#0" [stack: 0x000000923c200000,0x000000923c300000] [id=13736]
  0x0000024d30aa1590 ConcurrentGCThread "G1 Young RemSet Sampling" [stack: 0x000000923c300000,0x000000923c400000] [id=13332]

Threads with active compile tasks:
C2 CompilerThread0     4560  639       4       java.lang.StringBuilder::append (8 bytes)

VM state: not at safepoint (normal execution)

VM Mutex/Monitor currently owned by a thread: None

Heap address: 0x00000000c1c00000, size: 996 MB, Compressed Oops mode: 32-bit
CDS archive(s) mapped at: [0x0000000800000000-0x0000000800b50000-0x0000000800b50000), size 11862016, SharedBaseAddress: 0x0000000800000000, ArchiveRelocationMode: 0.
Compressed class space mapped at: 0x0000000800b50000-0x0000000840b50000, size: 1073741824
Narrow klass base: 0x0000000800000000, Narrow klass shift: 3, Narrow klass range: 0x100000000

GC Precious Log:
 CPUs: 4 total, 4 available
 Memory: 3977M
 Large Page Support: Disabled
 NUMA Support: Disabled
 Compressed Oops: Enabled (32-bit)
 Heap Region Size: 1M
 Heap Min Capacity: 8M
 Heap Initial Capacity: 64M
 Heap Max Capacity: 996M
 Pre-touch: Disabled
 Parallel Workers: 4
 Concurrent Workers: 1
 Concurrent Refinement Workers: 4
 Periodic GC: Disabled

Heap:
 garbage-first heap   total 65536K, used 9216K [0x00000000c1c00000, 0x0000000100000000)
  region size 1024K, 11 young (11264K), 0 survivors (0K)
 Metaspace       used 4449K, capacity 6631K, committed 6784K, reserved 1056768K
  class space    used 432K, capacity 610K, committed 640K, reserved 1048576K

Heap Regions: E=young(eden), S=young(survivor), O=old, HS=humongous(starts), HC=humongous(continues), CS=collection set, F=free, OA=open archive, CA=closed archive, TAMS=top-at-mark-start (previous, next)
|   0|0x00000000c1c00000, 0x00000000c1c00000, 0x00000000c1d00000|  0%| F|  |TAMS 0x00000000c1c00000, 0x00000000c1c00000| Untracked 
|   1|0x00000000c1d00000, 0x00000000c1d00000, 0x00000000c1e00000|  0%| F|  |TAMS 0x00000000c1d00000, 0x00000000c1d00000| Untracked 
|   2|0x00000000c1e00000, 0x00000000c1e00000, 0x00000000c1f00000|  0%| F|  |TAMS 0x00000000c1e00000, 0x00000000c1e00000| Untracked 
|   3|0x00000000c1f00000, 0x00000000c1f00000, 0x00000000c2000000|  0%| F|  |TAMS 0x00000000c1f00000, 0x00000000c1f00000| Untracked 
|   4|0x00000000c2000000, 0x00000000c2000000, 0x00000000c2100000|  0%| F|  |TAMS 0x00000000c2000000, 0x00000000c2000000| Untracked 
|   5|0x00000000c2100000, 0x00000000c2100000, 0x00000000c2200000|  0%| F|  |TAMS 0x00000000c2100000, 0x00000000c2100000| Untracked 
|   6|0x00000000c2200000, 0x00000000c2200000, 0x00000000c2300000|  0%| F|  |TAMS 0x00000000c2200000, 0x00000000c2200000| Untracked 
|   7|0x00000000c2300000, 0x00000000c2300000, 0x00000000c2400000|  0%| F|  |TAMS 0x00000000c2300000, 0x00000000c2300000| Untracked 
|   8|0x00000000c2400000, 0x00000000c2400000, 0x00000000c2500000|  0%| F|  |TAMS 0x00000000c2400000, 0x00000000c2400000| Untracked 
|   9|0x00000000c2500000, 0x00000000c2500000, 0x00000000c2600000|  0%| F|  |TAMS 0x00000000c2500000, 0x00000000c2500000| Untracked 
|  10|0x00000000c2600000, 0x00000000c2600000, 0x00000000c2700000|  0%| F|  |TAMS 0x00000000c2600000, 0x00000000c2600000| Untracked 
|  11|0x00000000c2700000, 0x00000000c2700000, 0x00000000c2800000|  0%| F|  |TAMS 0x00000000c2700000, 0x00000000c2700000| Untracked 
|  12|0x00000000c2800000, 0x00000000c2800000, 0x00000000c2900000|  0%| F|  |TAMS 0x00000000c2800000, 0x00000000c2800000| Untracked 
|  13|0x00000000c2900000, 0x00000000c2900000, 0x00000000c2a00000|  0%| F|  |TAMS 0x00000000c2900000, 0x00000000c2900000| Untracked 
|  14|0x00000000c2a00000, 0x00000000c2a00000, 0x00000000c2b00000|  0%| F|  |TAMS 0x00000000c2a00000, 0x00000000c2a00000| Untracked 
|  15|0x00000000c2b00000, 0x00000000c2b00000, 0x00000000c2c00000|  0%| F|  |TAMS 0x00000000c2b00000, 0x00000000c2b00000| Untracked 
|  16|0x00000000c2c00000, 0x00000000c2c00000, 0x00000000c2d00000|  0%| F|  |TAMS 0x00000000c2c00000, 0x00000000c2c00000| Untracked 
|  17|0x00000000c2d00000, 0x00000000c2d00000, 0x00000000c2e00000|  0%| F|  |TAMS 0x00000000c2d00000, 0x00000000c2d00000| Untracked 
|  18|0x00000000c2e00000, 0x00000000c2e00000, 0x00000000c2f00000|  0%| F|  |TAMS 0x00000000c2e00000, 0x00000000c2e00000| Untracked 
|  19|0x00000000c2f00000, 0x00000000c2f00000, 0x00000000c3000000|  0%| F|  |TAMS 0x00000000c2f00000, 0x00000000c2f00000| Untracked 
|  20|0x00000000c3000000, 0x00000000c3000000, 0x00000000c3100000|  0%| F|  |TAMS 0x00000000c3000000, 0x00000000c3000000| Untracked 
|  21|0x00000000c3100000, 0x00000000c3100000, 0x00000000c3200000|  0%| F|  |TAMS 0x00000000c3100000, 0x00000000c3100000| Untracked 
|  22|0x00000000c3200000, 0x00000000c3200000, 0x00000000c3300000|  0%| F|  |TAMS 0x00000000c3200000, 0x00000000c3200000| Untracked 
|  23|0x00000000c3300000, 0x00000000c3300000, 0x00000000c3400000|  0%| F|  |TAMS 0x00000000c3300000, 0x00000000c3300000| Untracked 
|  24|0x00000000c3400000, 0x00000000c3400000, 0x00000000c3500000|  0%| F|  |TAMS 0x00000000c3400000, 0x00000000c3400000| Untracked 
|  25|0x00000000c3500000, 0x00000000c3500000, 0x00000000c3600000|  0%| F|  |TAMS 0x00000000c3500000, 0x00000000c3500000| Untracked 
|  26|0x00000000c3600000, 0x00000000c3600000, 0x00000000c3700000|  0%| F|  |TAMS 0x00000000c3600000, 0x00000000c3600000| Untracked 
|  27|0x00000000c3700000, 0x00000000c3700000, 0x00000000c3800000|  0%| F|  |TAMS 0x00000000c3700000, 0x00000000c3700000| Untracked 
|  28|0x00000000c3800000, 0x00000000c3800000, 0x00000000c3900000|  0%| F|  |TAMS 0x00000000c3800000, 0x00000000c3800000| Untracked 
|  29|0x00000000c3900000, 0x00000000c3900000, 0x00000000c3a00000|  0%| F|  |TAMS 0x00000000c3900000, 0x00000000c3900000| Untracked 
|  30|0x00000000c3a00000, 0x00000000c3a00000, 0x00000000c3b00000|  0%| F|  |TAMS 0x00000000c3a00000, 0x00000000c3a00000| Untracked 
|  31|0x00000000c3b00000, 0x00000000c3b00000, 0x00000000c3c00000|  0%| F|  |TAMS 0x00000000c3b00000, 0x00000000c3b00000| Untracked 
|  32|0x00000000c3c00000, 0x00000000c3c00000, 0x00000000c3d00000|  0%| F|  |TAMS 0x00000000c3c00000, 0x00000000c3c00000| Untracked 
|  33|0x00000000c3d00000, 0x00000000c3d00000, 0x00000000c3e00000|  0%| F|  |TAMS 0x00000000c3d00000, 0x00000000c3d00000| Untracked 
|  34|0x00000000c3e00000, 0x00000000c3e00000, 0x00000000c3f00000|  0%| F|  |TAMS 0x00000000c3e00000, 0x00000000c3e00000| Untracked 
|  35|0x00000000c3f00000, 0x00000000c3f00000, 0x00000000c4000000|  0%| F|  |TAMS 0x00000000c3f00000, 0x00000000c3f00000| Untracked 
|  36|0x00000000c4000000, 0x00000000c4000000, 0x00000000c4100000|  0%| F|  |TAMS 0x00000000c4000000, 0x00000000c4000000| Untracked 
|  37|0x00000000c4100000, 0x00000000c4100000, 0x00000000c4200000|  0%| F|  |TAMS 0x00000000c4100000, 0x00000000c4100000| Untracked 
|  38|0x00000000c4200000, 0x00000000c4200000, 0x00000000c4300000|  0%| F|  |TAMS 0x00000000c4200000, 0x00000000c4200000| Untracked 
|  39|0x00000000c4300000, 0x00000000c4300000, 0x00000000c4400000|  0%| F|  |TAMS 0x00000000c4300000, 0x00000000c4300000| Untracked 
|  40|0x00000000c4400000, 0x00000000c4400000, 0x00000000c4500000|  0%| F|  |TAMS 0x00000000c4400000, 0x00000000c4400000| Untracked 
|  41|0x00000000c4500000, 0x00000000c4500000, 0x00000000c4600000|  0%| F|  |TAMS 0x00000000c4500000, 0x00000000c4500000| Untracked 
|  42|0x00000000c4600000, 0x00000000c4600000, 0x00000000c4700000|  0%| F|  |TAMS 0x00000000c4600000, 0x00000000c4600000| Untracked 
|  43|0x00000000c4700000, 0x00000000c4700000, 0x00000000c4800000|  0%| F|  |TAMS 0x00000000c4700000, 0x00000000c4700000| Untracked 
|  44|0x00000000c4800000, 0x00000000c4800000, 0x00000000c4900000|  0%| F|  |TAMS 0x00000000c4800000, 0x00000000c4800000| Untracked 
|  45|0x00000000c4900000, 0x00000000c4900000, 0x00000000c4a00000|  0%| F|  |TAMS 0x00000000c4900000, 0x00000000c4900000| Untracked 
|  46|0x00000000c4a00000, 0x00000000c4a00000, 0x00000000c4b00000|  0%| F|  |TAMS 0x00000000c4a00000, 0x00000000c4a00000| Untracked 
|  47|0x00000000c4b00000, 0x00000000c4b00000, 0x00000000c4c00000|  0%| F|  |TAMS 0x00000000c4b00000, 0x00000000c4b00000| Untracked 
|  48|0x00000000c4c00000, 0x00000000c4c00000, 0x00000000c4d00000|  0%| F|  |TAMS 0x00000000c4c00000, 0x00000000c4c00000| Untracked 
|  49|0x00000000c4d00000, 0x00000000c4d00000, 0x00000000c4e00000|  0%| F|  |TAMS 0x00000000c4d00000, 0x00000000c4d00000| Untracked 
|  50|0x00000000c4e00000, 0x00000000c4e00000, 0x00000000c4f00000|  0%| F|  |TAMS 0x00000000c4e00000, 0x00000000c4e00000| Untracked 
|  51|0x00000000c4f00000, 0x00000000c4f00000, 0x00000000c5000000|  0%| F|  |TAMS 0x00000000c4f00000, 0x00000000c4f00000| Untracked 
|  52|0x00000000c5000000, 0x00000000c5000000, 0x00000000c5100000|  0%| F|  |TAMS 0x00000000c5000000, 0x00000000c5000000| Untracked 
|  53|0x00000000c5100000, 0x00000000c5185a50, 0x00000000c5200000| 52%| E|  |TAMS 0x00000000c5100000, 0x00000000c5100000| Complete 
|  54|0x00000000c5200000, 0x00000000c5300000, 0x00000000c5300000|100%| E|CS|TAMS 0x00000000c5200000, 0x00000000c5200000| Complete 
|  55|0x00000000c5300000, 0x00000000c5400000, 0x00000000c5400000|100%| E|CS|TAMS 0x00000000c5300000, 0x00000000c5300000| Complete 
|  56|0x00000000c5400000, 0x00000000c5500000, 0x00000000c5500000|100%| E|CS|TAMS 0x00000000c5400000, 0x00000000c5400000| Complete 
|  57|0x00000000c5500000, 0x00000000c5600000, 0x00000000c5600000|100%| E|  |TAMS 0x00000000c5500000, 0x00000000c5500000| Complete 
|  58|0x00000000c5600000, 0x00000000c5700000, 0x00000000c5700000|100%| E|CS|TAMS 0x00000000c5600000, 0x00000000c5600000| Complete 
|  59|0x00000000c5700000, 0x00000000c5800000, 0x00000000c5800000|100%| E|CS|TAMS 0x00000000c5700000, 0x00000000c5700000| Complete 
|  60|0x00000000c5800000, 0x00000000c5900000, 0x00000000c5900000|100%| E|CS|TAMS 0x00000000c5800000, 0x00000000c5800000| Complete 
|  61|0x00000000c5900000, 0x00000000c5a00000, 0x00000000c5a00000|100%| E|CS|TAMS 0x00000000c5900000, 0x00000000c5900000| Complete 
|  62|0x00000000c5a00000, 0x00000000c5b00000, 0x00000000c5b00000|100%| E|CS|TAMS 0x00000000c5a00000, 0x00000000c5a00000| Complete 
|  63|0x00000000c5b00000, 0x00000000c5c00000, 0x00000000c5c00000|100%| E|CS|TAMS 0x00000000c5b00000, 0x00000000c5b00000| Complete 

Card table byte_map: [0x0000024d47e40000,0x0000024d48040000] _byte_map_base: 0x0000024d47832000

Marking Bits (Prev, Next): (CMBitMap*) 0x0000024d30a4a2d0, (CMBitMap*) 0x0000024d30a4a310
 Prev Bits: [0x0000024d48240000, 0x0000024d491d0000)
 Next Bits: [0x0000024d491d0000, 0x0000024d4a160000)

Polling page: 0x0000024d2eb70000

Metaspace:

Usage:
  Non-class:      5.88 MB capacity,     3.92 MB ( 67%) used,     1.95 MB ( 33%) free+waste,     4.69 KB ( <1%) overhead. 
      Class:    610.00 KB capacity,   432.14 KB ( 71%) used,   175.80 KB ( 29%) free+waste,     2.06 KB ( <1%) overhead. 
       Both:      6.48 MB capacity,     4.35 MB ( 67%) used,     2.12 MB ( 33%) free+waste,     6.75 KB ( <1%) overhead. 

Virtual space:
  Non-class space:        8.00 MB reserved,       6.00 MB ( 75%) committed 
      Class space:        1.00 GB reserved,     640.00 KB ( <1%) committed 
             Both:        1.01 GB reserved,       6.63 MB ( <1%) committed 

Chunk freelists:
   Non-Class:  59.00 KB
       Class:  30.00 KB
        Both:  89.00 KB

MaxMetaspaceSize: 17179869184.00 GB
CompressedClassSpaceSize: 1.00 GB

CodeHeap 'non-profiled nmethods': size=120000Kb used=237Kb max_used=237Kb free=119762Kb
 bounds [0x0000024d40710000, 0x0000024d40980000, 0x0000024d47c40000]
CodeHeap 'profiled nmethods': size=120000Kb used=1144Kb max_used=1144Kb free=118855Kb
 bounds [0x0000024d391e0000, 0x0000024d39450000, 0x0000024d40710000]
CodeHeap 'non-nmethods': size=5760Kb used=1182Kb max_used=1200Kb free=4577Kb
 bounds [0x0000024d38c40000, 0x0000024d38eb0000, 0x0000024d391e0000]
 total_blobs=1143 nmethods=697 adapters=359
 compilation: enabled
              stopped_count=0, restarted_count=0
 full_count=0

Compilation events (20 events):
Event: 3.277 Thread 0x0000024d4c5f8730 nmethod 610 0x0000024d40747a90 code [0x0000024d40747c20, 0x0000024d407481f8]
Event: 3.277 Thread 0x0000024d4c5f8730  617       4       java.lang.CharacterDataLatin1::getProperties (11 bytes)
Event: 3.278 Thread 0x0000024d4c5f8730 nmethod 617 0x0000024d40748590 code [0x0000024d40748700, 0x0000024d40748798]
Event: 3.278 Thread 0x0000024d4c5f8730  618       4       java.lang.StringLatin1::canEncode (13 bytes)
Event: 3.278 Thread 0x0000024d4c5f8730 nmethod 618 0x0000024d40748890 code [0x0000024d40748a00, 0x0000024d40748a58]
Event: 3.278 Thread 0x0000024d4c5f8730  623       4       java.lang.String::<init> (15 bytes)
Event: 3.280 Thread 0x0000024d4c5f8730 nmethod 623 0x0000024d40748b90 code [0x0000024d40748d00, 0x0000024d40748e18]
Event: 3.313 Thread 0x0000024d4c5ff0e0  633       1       java.util.LinkedHashMap::removeEldestEntry (2 bytes)
Event: 3.314 Thread 0x0000024d4c5ff0e0 nmethod 633 0x0000024d40748e90 code [0x0000024d40749020, 0x0000024d407490d8]
Event: 3.314 Thread 0x0000024d4c5ff0e0  634       3       java.util.HashMap$EntryIterator::next (5 bytes)
Event: 3.314 Thread 0x0000024d4c5ff0e0 nmethod 634 0x0000024d392e3a90 code [0x0000024d392e3c40, 0x0000024d392e3dc8]
Event: 3.314 Thread 0x0000024d4c5ff0e0  635       3       java.util.HashMap$EntryIterator::next (5 bytes)
Event: 3.314 Thread 0x0000024d4c5f8730  636       4       java.lang.CharacterDataLatin1::toUpperCaseEx (71 bytes)
Event: 3.314 Thread 0x0000024d4c5ff0e0 nmethod 635 0x0000024d392e3e90 code [0x0000024d392e4040, 0x0000024d392e4168]
Event: 3.314 Thread 0x0000024d4c5ff0e0  638       3       java.util.Arrays::hashCode (56 bytes)
Event: 3.315 Thread 0x0000024d4c5ff0e0 nmethod 638 0x0000024d392e4210 code [0x0000024d392e43c0, 0x0000024d392e4708]
Event: 3.315 Thread 0x0000024d4c5ff0e0  637       3       java.util.Objects::hash (5 bytes)
Event: 3.315 Thread 0x0000024d4c5ff0e0 nmethod 637 0x0000024d392e4890 code [0x0000024d392e4a20, 0x0000024d392e4b28]
Event: 3.315 Thread 0x0000024d4c5f8730 nmethod 636 0x0000024d40749190 code [0x0000024d40749300, 0x0000024d407493d8]
Event: 3.337 Thread 0x0000024d4c5f8730  639       4       java.lang.StringBuilder::append (8 bytes)

GC Heap History (0 events):
No events

Deoptimization events (20 events):
Event: 1.540 Thread 0x0000024d30a19090 DEOPT PACKING pc=0x0000024d39265ff0 sp=0x000000923befc180
Event: 1.540 Thread 0x0000024d30a19090 DEOPT UNPACKING pc=0x0000024d38c8e23f sp=0x000000923befb730 mode 0
Event: 1.541 Thread 0x0000024d30a19090 DEOPT PACKING pc=0x0000024d39265ff0 sp=0x000000923befc180
Event: 1.541 Thread 0x0000024d30a19090 DEOPT UNPACKING pc=0x0000024d38c8e23f sp=0x000000923befb730 mode 0
Event: 1.940 Thread 0x0000024d30a19090 DEOPT PACKING pc=0x0000024d39242f5f sp=0x000000923befd920
Event: 1.941 Thread 0x0000024d30a19090 DEOPT UNPACKING pc=0x0000024d38c8e23f sp=0x000000923befcd98 mode 0
Event: 2.132 Thread 0x0000024d30a19090 Uncommon trap: trap_request=0xffffff45 fr.pc=0x0000024d40734d10 relative=0x00000000000012d0
Event: 2.133 Thread 0x0000024d30a19090 Uncommon trap: reason=unstable_if action=reinterpret pc=0x0000024d40734d10 method=java.lang.String.<init>([CIILjava/lang/Void;)V @ 5 c2
Event: 2.133 Thread 0x0000024d30a19090 DEOPT PACKING pc=0x0000024d40734d10 sp=0x000000923befd190
Event: 2.133 Thread 0x0000024d30a19090 DEOPT UNPACKING pc=0x0000024d38c8e42f sp=0x000000923befd070 mode 2
Event: 2.134 Thread 0x0000024d30a19090 DEOPT PACKING pc=0x0000024d3925f699 sp=0x000000923befd160
Event: 2.134 Thread 0x0000024d30a19090 DEOPT UNPACKING pc=0x0000024d38c8e23f sp=0x000000923befc658 mode 0
Event: 2.142 Thread 0x0000024d30a19090 Uncommon trap: trap_request=0xffffff45 fr.pc=0x0000024d40741540 relative=0x0000000000000220
Event: 2.142 Thread 0x0000024d30a19090 Uncommon trap: reason=unstable_if action=reinterpret pc=0x0000024d40741540 method=java.lang.String.startsWith(Ljava/lang/String;I)Z @ 14 c2
Event: 2.142 Thread 0x0000024d30a19090 DEOPT PACKING pc=0x0000024d40741540 sp=0x000000923befde30
Event: 2.142 Thread 0x0000024d30a19090 DEOPT UNPACKING pc=0x0000024d38c8e42f sp=0x000000923befdd90 mode 2
Event: 3.273 Thread 0x0000024d30a19090 Uncommon trap: trap_request=0xffffff45 fr.pc=0x0000024d4071d268 relative=0x0000000000000808
Event: 3.274 Thread 0x0000024d30a19090 Uncommon trap: reason=unstable_if action=reinterpret pc=0x0000024d4071d268 method=java.util.HashMap.putVal(ILjava/lang/Object;Ljava/lang/Object;ZZ)Ljava/lang/Object; @ 181 c2
Event: 3.274 Thread 0x0000024d30a19090 DEOPT PACKING pc=0x0000024d4071d268 sp=0x000000923befe210
Event: 3.274 Thread 0x0000024d30a19090 DEOPT UNPACKING pc=0x0000024d38c8e42f sp=0x000000923befe1a0 mode 2

Classes unloaded (0 events):
No events

Classes redefined (0 events):
No events

Internal exceptions (8 events):
Event: 1.001 Thread 0x0000024d4d07cda0 Exception <a 'java/lang/NoSuchMethodError'{0x00000000c5ad09d0}: 'java.lang.Object java.lang.invoke.DirectMethodHandle$Holder.invokeStatic(java.lang.Object)'> (0x00000000c5ad09d0) 
thrown [./open/src/hotspot/share/interpreter/linkResolver.cpp, line 782]
Event: 1.002 Thread 0x0000024d4d07cda0 Exception <a 'java/lang/NoSuchMethodError'{0x00000000c5ad42e0}: 'java.lang.Object java.lang.invoke.DirectMethodHandle$Holder.invokeStaticInit(java.lang.Object)'> (0x00000000c5ad42e0) 
thrown [./open/src/hotspot/share/interpreter/linkResolver.cpp, line 782]
Event: 1.150 Thread 0x0000024d4d07cda0 Exception <a 'java/lang/NoSuchMethodError'{0x00000000c5ae1658}: 'void java.lang.invoke.DirectMethodHandle$Holder.invokeStatic(java.lang.Object, java.lang.Object)'> (0x00000000c5ae1658) 
thrown [./open/src/hotspot/share/interpreter/linkResolver.cpp, line 782]
Event: 1.284 Thread 0x0000024d30a19090 Exception <a 'java/lang/NoSuchMethodError'{0x00000000c5966f10}: 'void java.lang.invoke.DirectMethodHandle$Holder.invokeSpecial(java.lang.Object, java.lang.Object, java.lang.Object)'> (0x00000000c5966f10) 
thrown [./open/src/hotspot/share/interpreter/linkResolver.cpp, line 782]
Event: 1.483 Thread 0x0000024d30a19090 Exception <a 'java/lang/NoSuchMethodError'{0x00000000c5881b38}: 'java.lang.Object java.lang.invoke.DirectMethodHandle$Holder.invokeInterface(java.lang.Object, java.lang.Object)'> (0x00000000c5881b38) 
thrown [./open/src/hotspot/share/interpreter/linkResolver.cpp, line 782]
Event: 1.601 Thread 0x0000024d30a19090 Exception <a 'java/lang/NoSuchMethodError'{0x00000000c5716b68}: 'void java.lang.invoke.DirectMethodHandle$Holder.invokeStatic(java.lang.Object, java.lang.Object, java.lang.Object)'> (0x00000000c5716b68) 
thrown [./open/src/hotspot/share/interpreter/linkResolver.cpp, line 782]
Event: 1.605 Thread 0x0000024d30a19090 Exception <a 'java/lang/NoSuchMethodError'{0x00000000c5721818}: 'java.lang.Object java.lang.invoke.DirectMethodHandle$Holder.invokeVirtual(java.lang.Object, java.lang.Object, java.lang.Object)'> (0x00000000c5721818) 
thrown [./open/src/hotspot/share/interpreter/linkResolver.cpp, line 782]
Event: 3.265 Thread 0x0000024d30a19090 Exception <a 'java/lang/NoSuchMethodError'{0x00000000c520a620}: 'void java.lang.invoke.DirectMethodHandle$Holder.invokeStaticInit(java.lang.Object, java.lang.Object)'> (0x00000000c520a620) 
thrown [./open/src/hotspot/share/interpreter/linkResolver.cpp, line 782]

Events (20 events):
Event: 3.261 loading class sun/security/util/KnownOIDs$4
Event: 3.262 loading class sun/security/util/KnownOIDs$4 done
Event: 3.262 loading class sun/security/util/KnownOIDs$5
Event: 3.263 loading class sun/security/util/KnownOIDs$5 done
Event: 3.263 loading class sun/security/util/KnownOIDs$6
Event: 3.263 loading class sun/security/util/KnownOIDs$6 done
Event: 3.263 loading class sun/security/util/KnownOIDs$7
Event: 3.263 loading class sun/security/util/KnownOIDs$7 done
Event: 3.263 loading class sun/security/util/KnownOIDs$8
Event: 3.264 loading class sun/security/util/KnownOIDs$8 done
Event: 3.264 loading class sun/security/util/KnownOIDs$9
Event: 3.264 loading class sun/security/util/KnownOIDs$9 done
Event: 3.264 loading class sun/security/util/KnownOIDs$10
Event: 3.264 loading class sun/security/util/KnownOIDs$10 done
Event: 3.276 loading class sun/security/rsa/SunRsaSign
Event: 3.291 loading class sun/security/rsa/SunRsaSign done
Event: 3.291 loading class sun/security/rsa/SunRsaSignEntries
Event: 3.313 loading class sun/security/rsa/SunRsaSignEntries done
Event: 3.315 loading class sun/security/jca/ProviderConfig$3
Event: 3.338 loading class sun/util/resources/cldr/TimeZoneNames


Dynamic libraries:
0x00007ff7262b0000 - 0x00007ff7262bf000 	C:\Program Files\Java\jdk-15.0.1\bin\java.exe
0x00007ffa96f80000 - 0x00007ffa97170000 	C:\Windows\SYSTEM32\ntdll.dll
0x00007ffa72120000 - 0x00007ffa72133000 	C:\Program Files\AVAST Software\Avast\aswhook.dll
0x00007ffa95190000 - 0x00007ffa95242000 	C:\Windows\System32\KERNEL32.DLL
0x00007ffa94110000 - 0x00007ffa943b3000 	C:\Windows\System32\KERNELBASE.dll
0x00007ffa94010000 - 0x00007ffa9410a000 	C:\Windows\System32\ucrtbase.dll
0x00007ffa91770000 - 0x00007ffa91788000 	C:\Program Files\Java\jdk-15.0.1\bin\jli.dll
0x00007ffa8bbb0000 - 0x00007ffa8bbc9000 	C:\Program Files\Java\jdk-15.0.1\bin\VCRUNTIME140.dll
0x00007ffa957f0000 - 0x00007ffa95893000 	C:\Windows\System32\ADVAPI32.dll
0x00007ffa955f0000 - 0x00007ffa9568e000 	C:\Windows\System32\msvcrt.dll
0x00007ffa966c0000 - 0x00007ffa96757000 	C:\Windows\System32\sechost.dll
0x00007ffa954d0000 - 0x00007ffa955f0000 	C:\Windows\System32\RPCRT4.dll
0x00007ffa95f40000 - 0x00007ffa960d4000 	C:\Windows\System32\USER32.dll
0x00007ffa93f90000 - 0x00007ffa93fb1000 	C:\Windows\System32\win32u.dll
0x00007ffa965b0000 - 0x00007ffa965d6000 	C:\Windows\System32\GDI32.dll
0x00007ffa83d80000 - 0x00007ffa84005000 	C:\Windows\WinSxS\amd64_microsoft.windows.common-controls_6595b64144ccf1df_6.0.18362.418_none_e6c6b287130d565d\COMCTL32.dll
0x00007ffa94470000 - 0x00007ffa94604000 	C:\Windows\System32\gdi32full.dll
0x00007ffa95ae0000 - 0x00007ffa95e16000 	C:\Windows\System32\combase.dll
0x00007ffa94660000 - 0x00007ffa946fe000 	C:\Windows\System32\msvcp_win.dll
0x00007ffa93f10000 - 0x00007ffa93f90000 	C:\Windows\System32\bcryptPrimitives.dll
0x00007ffa8a6d0000 - 0x00007ffa8a6da000 	C:\Windows\SYSTEM32\VERSION.dll
0x00007ffa95150000 - 0x00007ffa9517e000 	C:\Windows\System32\IMM32.DLL
0x00007ffa8bd80000 - 0x00007ffa8bd8c000 	C:\Program Files\Java\jdk-15.0.1\bin\vcruntime140_1.dll
0x00007ffa7b1b0000 - 0x00007ffa7b241000 	C:\Program Files\Java\jdk-15.0.1\bin\msvcp140.dll
0x00007ffa475e0000 - 0x00007ffa4813e000 	C:\Program Files\Java\jdk-15.0.1\bin\server\jvm.dll
0x00007ffa966b0000 - 0x00007ffa966b8000 	C:\Windows\System32\PSAPI.DLL
0x00007ffa91340000 - 0x00007ffa91364000 	C:\Windows\SYSTEM32\WINMM.dll
0x00007ffa91310000 - 0x00007ffa9133d000 	C:\Windows\SYSTEM32\WINMMBASE.dll
0x00007ffa94610000 - 0x00007ffa9465a000 	C:\Windows\System32\cfgmgr32.dll
0x00007ffa82cb0000 - 0x00007ffa82cb9000 	C:\Windows\SYSTEM32\WSOCK32.dll
0x00007ffa95030000 - 0x00007ffa9509f000 	C:\Windows\System32\WS2_32.dll
0x00007ffa93e60000 - 0x00007ffa93e71000 	C:\Windows\System32\kernel.appcore.dll
0x00007ffa8bba0000 - 0x00007ffa8bbaa000 	C:\Program Files\Java\jdk-15.0.1\bin\jimage.dll
0x00007ffa8a070000 - 0x00007ffa8a264000 	C:\Windows\SYSTEM32\DBGHELP.DLL
0x00007ffa8a040000 - 0x00007ffa8a06a000 	C:\Windows\SYSTEM32\dbgcore.DLL
0x00007ffa8a420000 - 0x00007ffa8a42e000 	C:\Program Files\Java\jdk-15.0.1\bin\instrument.dll
0x00007ffa8a3f0000 - 0x00007ffa8a415000 	C:\Program Files\Java\jdk-15.0.1\bin\java.dll
0x00007ffa96760000 - 0x00007ffa96e45000 	C:\Windows\System32\SHELL32.dll
0x00007ffa950a0000 - 0x00007ffa95149000 	C:\Windows\System32\shcore.dll
0x00007ffa94850000 - 0x00007ffa94fcf000 	C:\Windows\System32\windows.storage.dll
0x00007ffa93e80000 - 0x00007ffa93e9f000 	C:\Windows\System32\profapi.dll
0x00007ffa93ea0000 - 0x00007ffa93eea000 	C:\Windows\System32\powrprof.dll
0x00007ffa93e50000 - 0x00007ffa93e60000 	C:\Windows\System32\UMPDC.dll
0x00007ffa95e30000 - 0x00007ffa95e82000 	C:\Windows\System32\shlwapi.dll
0x00007ffa93ff0000 - 0x00007ffa94007000 	C:\Windows\System32\cryptsp.dll
0x00007ffa8a270000 - 0x00007ffa8a288000 	C:\Program Files\Java\jdk-15.0.1\bin\zip.dll
0x00007ffa8a2b0000 - 0x00007ffa8a2c9000 	C:\Program Files\Java\jdk-15.0.1\bin\net.dll
0x00007ffa89330000 - 0x00007ffa89420000 	C:\Windows\SYSTEM32\WINHTTP.dll
0x00007ffa93660000 - 0x00007ffa936c7000 	C:\Windows\system32\mswsock.dll
0x00007ffa8a290000 - 0x00007ffa8a2a2000 	C:\Program Files\Java\jdk-15.0.1\bin\nio.dll
0x00007ffa87e70000 - 0x00007ffa87e8a000 	C:\Program Files\JetBrains\IntelliJ IDEA 2021.1.1\bin\breakgen64.dll
0x00007ffa933b0000 - 0x00007ffa9347a000 	C:\Windows\SYSTEM32\DNSAPI.dll
0x00007ffa95180000 - 0x00007ffa95188000 	C:\Windows\System32\NSI.dll
0x00007ffa93370000 - 0x00007ffa933aa000 	C:\Windows\SYSTEM32\IPHLPAPI.DLL
0x00007ffa88300000 - 0x00007ffa8830a000 	C:\Windows\System32\rasadhlp.dll
0x00007ffa89c40000 - 0x00007ffa89cb7000 	C:\Windows\System32\fwpuclnt.dll
0x00007ffa93fc0000 - 0x00007ffa93fe6000 	C:\Windows\System32\bcrypt.dll
0x00007ffa87c90000 - 0x00007ffa87c9d000 	C:\Program Files\Java\jdk-15.0.1\bin\sunmscapi.dll
0x00007ffa94700000 - 0x00007ffa94849000 	C:\Windows\System32\CRYPT32.dll
0x00007ffa93ef0000 - 0x00007ffa93f02000 	C:\Windows\System32\MSASN1.dll
0x00007ffa93990000 - 0x00007ffa939b6000 	C:\Windows\SYSTEM32\ncrypt.dll
0x00007ffa93950000 - 0x00007ffa9398b000 	C:\Windows\SYSTEM32\NTASN1.dll

dbghelp: loaded successfully - version: 4.0.5 - missing functions: none
symbol engine: initialized successfully - sym options: 0x614 - pdb path: .;C:\Program Files\Java\jdk-15.0.1\bin;C:\Windows\SYSTEM32;C:\Program Files\AVAST Software\Avast;C:\Windows\WinSxS\amd64_microsoft.windows.common-controls_6595b64144ccf1df_6.0.18362.418_none_e6c6b287130d565d;C:\Program Files\Java\jdk-15.0.1\bin\server;C:\Program Files\JetBrains\IntelliJ IDEA 2021.1.1\bin

VM Arguments:
jvm_args: -javaagent:C:\Program Files\JetBrains\IntelliJ IDEA 2021.1.1\lib\idea_rt.jar=3408:C:\Program Files\JetBrains\IntelliJ IDEA 2021.1.1\bin -Dfile.encoding=UTF-8 
java_command: com.company.TestDb
java_class_path (initial): C:\Users\DENNIS\IdeaProjects\Regitration_process\out\production\Regitration_process;C:\Users\DENNIS\Downloads\Compressed\mysql-connector-java-8.0.23\mysql-connector-java-8.0.23\mysql-connector-java-8.0.23.jar
Launcher Type: SUN_STANDARD

[Global flags]
     intx CICompilerCount                          = 3                                         {product} {ergonomic}
     uint ConcGCThreads                            = 1                                         {product} {ergonomic}
     uint G1ConcRefinementThreads                  = 4                                         {product} {ergonomic}
   size_t G1HeapRegionSize                         = 1048576                                   {product} {ergonomic}
    uintx GCDrainStackTargetSize                   = 64                                        {product} {ergonomic}
   size_t InitialHeapSize                          = 67108864                                  {product} {ergonomic}
   size_t MarkStackSize                            = 4194304                                   {product} {ergonomic}
   size_t MaxHeapSize                              = 1044381696                                {product} {ergonomic}
   size_t MaxNewSize                               = 625999872                                 {product} {ergonomic}
   size_t MinHeapDeltaBytes                        = 1048576                                   {product} {ergonomic}
   size_t MinHeapSize                              = 8388608                                   {product} {ergonomic}
    uintx NonNMethodCodeHeapSize                   = 5832780                                {pd product} {ergonomic}
    uintx NonProfiledCodeHeapSize                  = 122912730                              {pd product} {ergonomic}
    uintx ProfiledCodeHeapSize                     = 122912730                              {pd product} {ergonomic}
    uintx ReservedCodeCacheSize                    = 251658240                              {pd product} {ergonomic}
     bool SegmentedCodeCache                       = true                                      {product} {ergonomic}
   size_t SoftMaxHeapSize                          = 1044381696                             {manageable} {ergonomic}
     bool UseCompressedClassPointers               = true                                 {lp64_product} {ergonomic}
     bool UseCompressedOops                        = true                                 {lp64_product} {ergonomic}
     bool UseG1GC                                  = true                                      {product} {ergonomic}
     bool UseLargePagesIndividualAllocation        = false                                  {pd product} {ergonomic}

Logging:
Log output configuration:
 #0: stdout all=warning uptime,level,tags
 #1: stderr all=off uptime,level,tags

Environment Variables:
JAVA_HOME=C:\Program Files\AdoptOpenJDK\jdk-16.0.1.9-hotspot\
PATH=C:\Program Files\AdoptOpenJDK\jdk-16.0.1.9-hotspot\bin;C:\Program Files\Common Files\Oracle\Java\javapath;C:\Program Files (x86)\Falcon\MinGW\bin;C:\Windows\system32;C:\Windows;C:\Windows\System32\Wbem;C:\Windows\System32\WindowsPowerShell\v1.0\;C:\Windows\System32\OpenSSH\;C:\Program Files\Java\jdk-15.0.1\bin\bin;C:\Program Files (x86)\nodejs\;C:\Users\DENNIS\AppData\Local\Programs\Python\Python39\Scripts\;C:\Users\DENNIS\AppData\Local\Programs\Python\Python39\;C:\Users\DENNIS\AppData\Local\Microsoft\WindowsApps;C:\Program Files (x86)\Nmap;C:\Users\DENNIS\AppData\Local\Programs\Microsoft VS Code\bin;C:\Users\DENNIS\AppData\Roaming\npm
USERNAME=DENNIS
OS=Windows_NT
PROCESSOR_IDENTIFIER=Intel64 Family 6 Model 69 Stepping 1, GenuineIntel



---------------  S Y S T E M  ---------------

OS:
 Windows 10 , 64 bit Build 18362 (10.0.18362.329)
OS uptime: 1 days 22:45 hours

CPU: total 4 (initial active 4) (2 cores per cpu, 2 threads per core) family 6 model 69 stepping 1 microcode 0x24, cmov, cx8, fxsr, mmx, sse, sse2, sse3, ssse3, sse4.1, sse4.2, popcnt, vzeroupper, avx, avx2, aes, clmul, erms, lzcnt, ht, tsc, tscinvbit, bmi1, bmi2, fma, clflush

Memory: 4k page, system-wide physical 3977M (390M free)
TotalPageFile size 5977M (AvailPageFile size 36M)
current process WorkingSet (physical memory assigned to process): 55M, peak: 55M
current process commit charge ("private bytes"): 147M, peak: 148M

vm_info: Java HotSpot(TM) 64-Bit Server VM (15.0.1+9-18) for windows-amd64 JRE (15.0.1+9-18), built on Sep 15 2020 14:43:54 by "mach5one" with unknown MS VC++:1925

END.
